<?xml version="1.0" encoding="UTF-8"?>
<!-- Generated by org.testng.reporters.JUnitXMLReporter -->
<testsuite hostname="DESKTOP-DVAHHHB" ignored="0" name="Surefire test" tests="5" failures="0" timestamp="2020-08-19T00:07:33 IST" time="0.174" errors="0">
  <testcase name="RestAssured" time="0.014" classname="qaclickacademy.ApiTest"/>
  <testcase name="UiJira" time="0.002" classname="qaclickacademy.ApiTest"/>
  <testcase name="HybdridApps" time="0.001" classname="qaclickacademy.AppiumTest"/>
  <testcase name="NativeApps" time="0.002" classname="qaclickacademy.AppiumTest"/>
  <testcase name="WebAutomation" time="0.001" classname="qaclickacademy.SeleniumTest"/>
</testsuite> <!-- Surefire test -->
