<?xml version="1.0" encoding="UTF-8"?>
<!-- Generated by org.testng.reporters.JUnitXMLReporter -->
<testsuite hostname="DESKTOP-DVAHHHB" name="Command line test" tests="5" failures="0" timestamp="21 Aug 2020 11:01:35 GMT" time="0.119" errors="0">
  <testcase name="RestAssured" time="0.046" classname="qaclickacademy.ApiTest"/>
  <testcase name="UiJira" time="0.0" classname="qaclickacademy.ApiTest"/>
  <testcase name="HybdridApps" time="0.0" classname="qaclickacademy.AppiumTest"/>
  <testcase name="NativeApps" time="0.016" classname="qaclickacademy.AppiumTest"/>
  <testcase name="WebAutomation" time="0.007" classname="qaclickacademy.SeleniumTest"/>
</testsuite> <!-- Command line test -->
