<?xml version="1.0" encoding="UTF-8"?>
<!-- Generated by org.testng.reporters.JUnitXMLReporter -->
<testsuite hostname="DESKTOP-DVAHHHB" name="Test" tests="3" failures="0" timestamp="18 Aug 2020 18:49:25 GMT" time="0.07" errors="0">
  <testcase name="WebAutomation" time="0.02" classname="qaclickacademy.SeleniumTest"/>
  <testcase name="HybdridApps" time="0.0" classname="qaclickacademy.AppiumTest"/>
  <testcase name="NativeApps" time="0.0" classname="qaclickacademy.AppiumTest"/>
</testsuite> <!-- Test -->
